This is pdfTeX, Version 3.14159265-2.6-1.40.21 (TeX Live 2020/Arch Linux) (preloaded format=pdflatex 2020.9.9)  19 OCT 2020 10:37
entering extended mode
 restricted \write18 enabled.
 %&-line parsing enabled.
**/home/quentin/gdrive/dev/hugo/qkzk/content/docs/nsi/cours_premiere/ihm_web/js
_td/_index.md

(/home/quentin/gdrive/dev/hugo/qkzk/content/docs/nsi/cours_premiere/ihm_web/js_
td/_index.md
LaTeX2e <2020-02-02> patch level 5
L3 programming layer <2020-06-03>

! LaTeX Error: Missing \begin{document}.

See the LaTeX manual or LaTeX Companion for explanation.
Type  H <return>  for immediate help.
 ...                                              
                                                  
l.1 -
     --
? 
! Emergency stop.
 ...                                              
                                                  
l.1 -
     --
You're in trouble here.  Try typing  <return>  to proceed.
If that doesn't work, type  X <return>  to quit.

 
Here is how much of TeX's memory you used:
 19 strings out of 480478
 845 string characters out of 5905960
 239147 words of memory out of 5000000
 16142 multiletter control sequences out of 15000+600000
 532338 words of font info for 24 fonts, out of 8000000 for 9000
 1141 hyphenation exceptions out of 8191
 12i,0n,15p,125b,14s stack positions out of 5000i,500n,10000p,200000b,80000s
!  ==> Fatal error occurred, no output PDF file produced!
